<?xml version="1.0" encoding="UTF-8"?>
<!-- Generated by org.testng.reporters.JUnitReportReporter -->
<testsuite hostname="DESKTOP-G2MTNA5" failures="0" tests="1" name="basepackage.Baseclass" time="10.936" errors="0" timestamp="2024-04-28T17:40:30 GST" skipped="0">
  <testcase classname="basepackage.Baseclass" name="test" time="10.936"/>
</testsuite> <!-- basepackage.Baseclass -->
